<?xml version="1.0" encoding="UTF-8"?>
<!-- Generated by org.testng.reporters.JUnitReportReporter -->
<testsuite hostname="DESKTOP-IU6PG19" failures="0" tests="1" name="com.selenium.Selenium.Sample" time="0.006" errors="0" timestamp="2022-02-17T15:00:18 IST" skipped="0">
  <testcase classname="com.selenium.Selenium.Sample" name="WelcomeTest" time="0.006"/>
  <system-out/>
</testsuite> <!-- com.selenium.Selenium.Sample -->
